<?xml version="1.0" encoding="UTF-8"?>
<testsuite name="third.test.ApplicationTests" tests="1" skipped="0" failures="0" errors="0" timestamp="2016-06-10T16:31:55" hostname="ILIA-PC" time="0.006">
  <properties/>
  <testcase name="contextLoads" classname="third.test.ApplicationTests" time="0.006"/>
  <system-out><![CDATA[19:31:53.120 [Test worker] DEBUG org.springframework.test.context.junit4.SpringJUnit4ClassRunner - SpringJUnit4ClassRunner constructor called with [class third.test.ApplicationTests]
19:31:53.126 [Test worker] DEBUG org.springframework.test.context.BootstrapUtils - Instantiating CacheAwareContextLoaderDelegate from class [org.springframework.test.context.cache.DefaultCacheAwareContextLoaderDelegate]
19:31:53.134 [Test worker] DEBUG org.springframework.test.context.BootstrapUtils - Instantiating BootstrapContext using constructor [public org.springframework.test.context.support.DefaultBootstrapContext(java.lang.Class,org.springframework.test.context.CacheAwareContextLoaderDelegate)]
19:31:53.146 [Test worker] DEBUG org.springframework.test.context.BootstrapUtils - Instantiating TestContextBootstrapper for test class [third.test.ApplicationTests] from class [org.springframework.test.context.support.DefaultTestContextBootstrapper]
19:31:53.177 [Test worker] DEBUG org.springframework.test.context.support.DefaultTestContextBootstrapper - Found explicit ContextLoader class [org.springframework.boot.test.SpringApplicationContextLoader] for context configuration attributes [ContextConfigurationAttributes@59d85a7b declaringClass = 'third.test.ApplicationTests', classes = '{class third.test.Application}', locations = '{}', inheritLocations = true, initializers = '{}', inheritInitializers = true, name = [null], contextLoaderClass = 'org.springframework.boot.test.SpringApplicationContextLoader']
19:31:53.186 [Test worker] DEBUG org.springframework.test.context.support.AbstractContextLoader - Did not detect default resource location for test class [third.test.ApplicationTests]: class path resource [third/test/ApplicationTests-context.xml] does not exist
19:31:53.187 [Test worker] DEBUG org.springframework.test.context.support.AbstractContextLoader - Did not detect default resource location for test class [third.test.ApplicationTests]: class path resource [third/test/ApplicationTestsContext.groovy] does not exist
19:31:53.187 [Test worker] INFO org.springframework.test.context.support.AbstractContextLoader - Could not detect default resource locations for test class [third.test.ApplicationTests]: no resource found for suffixes {-context.xml, Context.groovy}.
19:31:53.189 [Test worker] DEBUG org.springframework.test.context.support.ActiveProfilesUtils - Could not find an 'annotation declaring class' for annotation type [org.springframework.test.context.ActiveProfiles] and class [third.test.ApplicationTests]
19:31:53.193 [Test worker] DEBUG org.springframework.test.context.support.DefaultTestContextBootstrapper - @TestExecutionListeners is not present for class [third.test.ApplicationTests]: using defaults.
19:31:53.201 [Test worker] INFO org.springframework.test.context.support.DefaultTestContextBootstrapper - Loaded default TestExecutionListener class names from location [META-INF/spring.factories]: [org.springframework.test.context.web.ServletTestExecutionListener, org.springframework.test.context.support.DirtiesContextBeforeModesTestExecutionListener, org.springframework.test.context.support.DependencyInjectionTestExecutionListener, org.springframework.test.context.support.DirtiesContextTestExecutionListener, org.springframework.test.context.transaction.TransactionalTestExecutionListener, org.springframework.test.context.jdbc.SqlScriptsTestExecutionListener]
19:31:53.225 [Test worker] INFO org.springframework.test.context.support.DefaultTestContextBootstrapper - Using TestExecutionListeners: [org.springframework.test.context.web.ServletTestExecutionListener@fd48353, org.springframework.test.context.support.DirtiesContextBeforeModesTestExecutionListener@22ed3afc, org.springframework.test.context.support.DependencyInjectionTestExecutionListener@434e2880, org.springframework.test.context.support.DirtiesContextTestExecutionListener@2cbc58e0, org.springframework.test.context.transaction.TransactionalTestExecutionListener@7d9883f, org.springframework.test.context.jdbc.SqlScriptsTestExecutionListener@4c2878e2]
19:31:53.230 [Test worker] DEBUG org.springframework.test.annotation.ProfileValueUtils - Retrieved @ProfileValueSourceConfiguration [null] for test class [third.test.ApplicationTests]
19:31:53.231 [Test worker] DEBUG org.springframework.test.annotation.ProfileValueUtils - Retrieved ProfileValueSource type [class org.springframework.test.annotation.SystemProfileValueSource] for class [third.test.ApplicationTests]
19:31:53.232 [Test worker] DEBUG org.springframework.test.annotation.ProfileValueUtils - Retrieved @ProfileValueSourceConfiguration [null] for test class [third.test.ApplicationTests]
19:31:53.232 [Test worker] DEBUG org.springframework.test.annotation.ProfileValueUtils - Retrieved ProfileValueSource type [class org.springframework.test.annotation.SystemProfileValueSource] for class [third.test.ApplicationTests]
19:31:53.237 [Test worker] DEBUG org.springframework.test.context.support.AbstractDirtiesContextTestExecutionListener - Before test class: context [DefaultTestContext@7eaad580 testClass = ApplicationTests, testInstance = [null], testMethod = [null], testException = [null], mergedContextConfiguration = [MergedContextConfiguration@20686163 testClass = ApplicationTests, locations = '{}', classes = '{class third.test.Application}', contextInitializerClasses = '[]', activeProfiles = '{}', propertySourceLocations = '{}', propertySourceProperties = '{}', contextLoader = 'org.springframework.boot.test.SpringApplicationContextLoader', parent = [null]]], class annotated with @DirtiesContext [false] with mode [null].
19:31:53.238 [Test worker] DEBUG org.springframework.test.annotation.ProfileValueUtils - Retrieved @ProfileValueSourceConfiguration [null] for test class [third.test.ApplicationTests]
19:31:53.238 [Test worker] DEBUG org.springframework.test.annotation.ProfileValueUtils - Retrieved ProfileValueSource type [class org.springframework.test.annotation.SystemProfileValueSource] for class [third.test.ApplicationTests]
19:31:53.241 [Test worker] DEBUG org.springframework.test.context.support.DependencyInjectionTestExecutionListener - Performing dependency injection for test context [[DefaultTestContext@7eaad580 testClass = ApplicationTests, testInstance = third.test.ApplicationTests@1da3f8de, testMethod = [null], testException = [null], mergedContextConfiguration = [MergedContextConfiguration@20686163 testClass = ApplicationTests, locations = '{}', classes = '{class third.test.Application}', contextInitializerClasses = '[]', activeProfiles = '{}', propertySourceLocations = '{}', propertySourceProperties = '{}', contextLoader = 'org.springframework.boot.test.SpringApplicationContextLoader', parent = [null]]]].
19:31:53.334 [Test worker] DEBUG org.springframework.core.env.StandardEnvironment - Adding [systemProperties] PropertySource with lowest search precedence
19:31:53.335 [Test worker] DEBUG org.springframework.core.env.StandardEnvironment - Adding [systemEnvironment] PropertySource with lowest search precedence
19:31:53.335 [Test worker] DEBUG org.springframework.core.env.StandardEnvironment - Initialized StandardEnvironment with PropertySources [systemProperties,systemEnvironment]
19:31:53.337 [Test worker] DEBUG org.springframework.core.env.StandardEnvironment - Adding [integrationTest] PropertySource with search precedence immediately lower than [systemEnvironment]

  .   ____          _            __ _ _
 /\\ / ___'_ __ _ _(_)_ __  __ _ \ \ \ \
( ( )\___ | '_ | '_| | '_ \/ _` | \ \ \ \
 \\/  ___)| |_)| | | | | || (_| |  ) ) ) )
  '  |____| .__|_| |_|_| |_\__, | / / / /
 =========|_|==============|___/=/_/_/_/
 :: Spring Boot ::        (v1.3.5.RELEASE)

2016-06-10 19:31:53.688  INFO 5256 --- [    Test worker] third.test.ApplicationTests              : Starting ApplicationTests on ILIA-PC with PID 5256 (C:\Users\ILIA\IdeaProjects\UserService03\build\classes\test started by ILIA in C:\Users\ILIA\IdeaProjects\UserService03)
2016-06-10 19:31:53.690  INFO 5256 --- [    Test worker] third.test.ApplicationTests              : No active profile set, falling back to default profiles: default
2016-06-10 19:31:53.762  INFO 5256 --- [    Test worker] s.c.a.AnnotationConfigApplicationContext : Refreshing org.springframework.context.annotation.AnnotationConfigApplicationContext@5ab174e7: startup date [Fri Jun 10 19:31:53 EEST 2016]; root of context hierarchy
2016-06-10 19:31:55.378  INFO 5256 --- [    Test worker] third.test.ApplicationTests              : Started ApplicationTests in 2.038 seconds (JVM running for 2.916)
]]></system-out>
  <system-err><![CDATA[]]></system-err>
</testsuite>
